Player character 1's walking charset was not found (filename: "trainer_POKEMONTRAINER_Red").

013_UI_Load.rb:172:in `pbSetParty'
013_UI_Load.rb:304:in `pbStartLoadScreen'
[Challenge Modes] 003_Start and End.rb:7:in `pbStartLoadScreen'
001_UI_SplashesAndTitleScreen.rb:95:in `close_title_screen'
005_Event_Handlers.rb:47:in `call'
005_Event_Handlers.rb:47:in `block in trigger'
005_Event_Handlers.rb:42:in `each'
005_Event_Handlers.rb:42:in `trigger'
002_EventScene.rb:169:in `update'
002_EventScene.rb:175:in `block in main'
002_EventScene.rb:174:in `loop'
002_EventScene.rb:174:in `main'
001_UI_SplashesAndTitleScreen.rb:126:in `main'
999_Main.rb:35:in `mainFunctionDebug'
999_Main.rb:20:in `mainFunction'
999_Main.rb:45:in `block (2 levels) in load_scripts_from_folder'
999_Main.rb:44:in `loop'
999_Main.rb:44:in `block in load_scripts_from_folder'
Section000:35:in `eval'
Section000:35:in `block in load_scripts_from_folder'
Section000:32:in `each'
Section000:32:in `load_scripts_from_folder'
Section000:45:in `block in load_scripts_from_folder'
Section000:44:in `each'
Section000:44:in `load_scripts_from_folder'
Section000:49:in `<main>'
-e:in `eval'